<?xml version="1.0" encoding="UTF-8"?>
<testng-results ignored="0" total="4" passed="4" failed="0" skipped="0">
  <reporter-output>
  </reporter-output>
  <suite started-at="2025-09-02T05:56:37 CEST" name="Default suite" finished-at="2025-09-02T05:56:58 CEST" duration-ms="20359">
    <groups>
    </groups>
    <test started-at="2025-09-02T05:56:37 CEST" name="Default test" finished-at="2025-09-02T05:56:58 CEST" duration-ms="20359">
      <class name="testscript.Logintest">
        <test-method is-config="true" signature="browserInitializer()[pri:0, instance:testscript.Logintest@4c583ecf]" started-at="2025-09-02T05:56:37 CEST" name="browserInitializer" finished-at="2025-09-02T05:56:42 CEST" duration-ms="4660" status="PASS">
          <reporter-output>
          </reporter-output>
        </test-method> <!-- browserInitializer -->
        <test-method signature="verifyLoginWithValidCredentials()[pri:1, instance:testscript.Logintest@4c583ecf]" started-at="2025-09-02T05:56:42 CEST" name="verifyLoginWithValidCredentials" finished-at="2025-09-02T05:56:44 CEST" duration-ms="2164" status="PASS">
          <reporter-output>
          </reporter-output>
        </test-method> <!-- verifyLoginWithValidCredentials -->
        <test-method is-config="true" signature="quitAndClose()[pri:0, instance:testscript.Logintest@4c583ecf]" started-at="2025-09-02T05:56:44 CEST" name="quitAndClose" finished-at="2025-09-02T05:56:44 CEST" duration-ms="1" status="PASS">
          <reporter-output>
          </reporter-output>
        </test-method> <!-- quitAndClose -->
        <test-method is-config="true" signature="browserInitializer()[pri:0, instance:testscript.Logintest@4c583ecf]" started-at="2025-09-02T05:56:44 CEST" name="browserInitializer" finished-at="2025-09-02T05:56:48 CEST" duration-ms="3635" status="PASS">
          <reporter-output>
          </reporter-output>
        </test-method> <!-- browserInitializer -->
        <test-method signature="verifyLoginWithInvalidUsername()[pri:2, instance:testscript.Logintest@4c583ecf]" started-at="2025-09-02T05:56:48 CEST" name="verifyLoginWithInvalidUsername" finished-at="2025-09-02T05:56:48 CEST" duration-ms="465" status="PASS">
          <reporter-output>
          </reporter-output>
        </test-method> <!-- verifyLoginWithInvalidUsername -->
        <test-method is-config="true" signature="quitAndClose()[pri:0, instance:testscript.Logintest@4c583ecf]" started-at="2025-09-02T05:56:48 CEST" name="quitAndClose" finished-at="2025-09-02T05:56:48 CEST" duration-ms="0" status="PASS">
          <reporter-output>
          </reporter-output>
        </test-method> <!-- quitAndClose -->
        <test-method is-config="true" signature="browserInitializer()[pri:0, instance:testscript.Logintest@4c583ecf]" started-at="2025-09-02T05:56:48 CEST" name="browserInitializer" finished-at="2025-09-02T05:56:51 CEST" duration-ms="2959" status="PASS">
          <reporter-output>
          </reporter-output>
        </test-method> <!-- browserInitializer -->
        <test-method signature="verifyLoginWithValidUsername()[pri:3, instance:testscript.Logintest@4c583ecf]" started-at="2025-09-02T05:56:51 CEST" name="verifyLoginWithValidUsername" finished-at="2025-09-02T05:56:52 CEST" duration-ms="891" status="PASS">
          <reporter-output>
          </reporter-output>
        </test-method> <!-- verifyLoginWithValidUsername -->
        <test-method is-config="true" signature="quitAndClose()[pri:0, instance:testscript.Logintest@4c583ecf]" started-at="2025-09-02T05:56:52 CEST" name="quitAndClose" finished-at="2025-09-02T05:56:52 CEST" duration-ms="1" status="PASS">
          <reporter-output>
          </reporter-output>
        </test-method> <!-- quitAndClose -->
        <test-method is-config="true" signature="browserInitializer()[pri:0, instance:testscript.Logintest@4c583ecf]" started-at="2025-09-02T05:56:52 CEST" name="browserInitializer" finished-at="2025-09-02T05:56:56 CEST" duration-ms="4220" status="PASS">
          <reporter-output>
          </reporter-output>
        </test-method> <!-- browserInitializer -->
        <test-method signature="verifyLoginWithValidPassword()[pri:4, instance:testscript.Logintest@4c583ecf]" started-at="2025-09-02T05:56:56 CEST" name="verifyLoginWithValidPassword" finished-at="2025-09-02T05:56:58 CEST" duration-ms="1262" status="PASS">
          <reporter-output>
          </reporter-output>
        </test-method> <!-- verifyLoginWithValidPassword -->
        <test-method is-config="true" signature="quitAndClose()[pri:0, instance:testscript.Logintest@4c583ecf]" started-at="2025-09-02T05:56:58 CEST" name="quitAndClose" finished-at="2025-09-02T05:56:58 CEST" duration-ms="4" status="PASS">
          <reporter-output>
          </reporter-output>
        </test-method> <!-- quitAndClose -->
      </class> <!-- testscript.Logintest -->
    </test> <!-- Default test -->
  </suite> <!-- Default suite -->
</testng-results>
