<?xml version="1.0" encoding="UTF-8"?>
<!-- Generated by org.testng.reporters.JUnitXMLReporter -->
<testsuite ignored="0" hostname="LAPTOP-NK5PEPI4" failures="0" tests="4" name="Default test" time="20.359" errors="0" timestamp="2025-09-02T05:56:58 CEST">
  <testcase classname="testscript.Logintest" name="verifyLoginWithValidCredentials" time="2.164"/>
  <testcase classname="testscript.Logintest" name="verifyLoginWithInvalidUsername" time="0.465"/>
  <testcase classname="testscript.Logintest" name="verifyLoginWithValidUsername" time="0.891"/>
  <testcase classname="testscript.Logintest" name="verifyLoginWithValidPassword" time="1.262"/>
</testsuite> <!-- Default test -->
